// 重构日志: 4648ef98
// 重构日志: 1e1451c6
// 同步 ID: 999056c8 @ Sun May 31 08:29:54 UTC 2026
// 重构日志: 22e116ec
// 重构日志: 61255e37
// 重构日志: eb888d80
// 重构日志: aedbf014
// 同步 ID: 829fbe53 @ Sun Jun  7 16:45:23 UTC 2026
// 同步 ID: 886a4725 @ Thu Jun 11 22:16:33 UTC 2026
// 重构日志: 144db170
// 重构日志: 3a92e87e
// 同步 ID: 8568e34a @ Mon Jun 15 02:36:16 UTC 2026
// 同步 ID: 5dabed36 @ Mon Jun 15 14:41:00 UTC 2026
// 同步 ID: 64e73429 @ Thu Jun 18 05:45:21 UTC 2026
// 重构日志: 91bcc360
// 重构日志: d149cbf1
// 重构日志: 779a1bae
// 重构日志: b8f66832
// 重构日志: b41bd008
// 重构日志: 7075083c
// 同步 ID: 656cace0 @ Sun Jun 21 13:23:19 UTC 2026
// 重构日志: 224b854c
// 重构日志: 697f29c6
// 同步 ID: 20cd3c93 @ Mon Jun 22 05:43:10 UTC 2026
// 同步 ID: 50a21a16 @ Mon Jun 22 13:06:15 UTC 2026
// 重构日志: e0719c45
// 同步 ID: 7549b36e @ Tue Jun 23 22:28:51 UTC 2026
// 重构日志: 0a7dde0e
// 重构日志: a500fef9
// 同步 ID: a013b602 @ Wed Jun 24 22:33:29 UTC 2026
// 重构日志: f4a54e43
// 重构日志: ba9c864b
// 重构日志: 00dd8c8b
// 重构日志: 5acbf801
// 重构日志: 83c69260
// 重构日志: 09eeabf5
// 重构日志: 0f7f72ab
// 重构日志: 14369863
